\BOOKMARK [1][-]{section.1}{Introduction}{}% 1
\BOOKMARK [1][-]{section.2}{Methods/Approach}{}% 2
\BOOKMARK [2][-]{subsection.2.1}{Data and Technical Analysis Indicators}{section.2}% 3
\BOOKMARK [3][-]{subsubsection.2.1.1}{Overlap Indicators}{subsection.2.1}% 4
\BOOKMARK [3][-]{subsubsection.2.1.2}{Momentum Indicators}{subsection.2.1}% 5
\BOOKMARK [3][-]{subsubsection.2.1.3}{Volume Indicators}{subsection.2.1}% 6
\BOOKMARK [3][-]{subsubsection.2.1.4}{Cycle Indicators}{subsection.2.1}% 7
\BOOKMARK [3][-]{subsubsection.2.1.5}{Price Indicators}{subsection.2.1}% 8
\BOOKMARK [3][-]{subsubsection.2.1.6}{Volatility Indicators}{subsection.2.1}% 9
\BOOKMARK [3][-]{subsubsection.2.1.7}{Statistical Indicators}{subsection.2.1}% 10
\BOOKMARK [3][-]{subsubsection.2.1.8}{Math Transformation Indicators}{subsection.2.1}% 11
\BOOKMARK [3][-]{subsubsection.2.1.9}{Pattern Recognition Indicators}{subsection.2.1}% 12
\BOOKMARK [2][-]{subsection.2.2}{Normalization}{section.2}% 13
\BOOKMARK [2][-]{subsection.2.3}{Feature Correlation}{section.2}% 14
\BOOKMARK [2][-]{subsection.2.4}{Maximal Information Coefficient \(MIC\)}{section.2}% 15
\BOOKMARK [2][-]{subsection.2.5}{Recursive Feature Elimination \(RFE\)}{section.2}% 16
\BOOKMARK [2][-]{subsection.2.6}{Random Forest Classifier \(RFC\)}{section.2}% 17
\BOOKMARK [2][-]{subsection.2.7}{Principal Component Analysis \(PCA\)}{section.2}% 18
\BOOKMARK [2][-]{subsection.2.8}{Multi Layer Perceptron \(MLP\)}{section.2}% 19
\BOOKMARK [1][-]{section.3}{Results}{}% 20
\BOOKMARK [2][-]{subsection.3.1}{Maximal Information Coefficient \(MIC\)}{section.3}% 21
\BOOKMARK [2][-]{subsection.3.2}{Recursive Feature Elimination \(RFE\)}{section.3}% 22
\BOOKMARK [2][-]{subsection.3.3}{Random Forest Classifier \(RFC\)}{section.3}% 23
\BOOKMARK [2][-]{subsection.3.4}{Principal Component Analysis \(PCA\)}{section.3}% 24
\BOOKMARK [2][-]{subsection.3.5}{Multi Layer Perceptron \(MLP\)}{section.3}% 25
\BOOKMARK [1][-]{section.4}{Conclusion}{}% 26
